<?xml version="1.0" encoding="UTF-8"?>
<testsuite name="com.example.restaurant.wishList.repository.WishListRepositoryTest" tests="1" skipped="0" failures="0" errors="0" timestamp="2021-06-26T14:36:08" hostname="LAPTOP-17QC8LHQ" time="0.371">
  <properties/>
  <testcase name="updateTest()" classname="com.example.restaurant.wishList.repository.WishListRepositoryTest" time="0.371"/>
  <system-out><![CDATA[23:36:06.329 [Test worker] DEBUG org.springframework.test.context.BootstrapUtils - Instantiating CacheAwareContextLoaderDelegate from class [org.springframework.test.context.cache.DefaultCacheAwareContextLoaderDelegate]
23:36:06.338 [Test worker] DEBUG org.springframework.test.context.BootstrapUtils - Instantiating BootstrapContext using constructor [public org.springframework.test.context.support.DefaultBootstrapContext(java.lang.Class,org.springframework.test.context.CacheAwareContextLoaderDelegate)]
23:36:06.369 [Test worker] DEBUG org.springframework.test.context.BootstrapUtils - Instantiating TestContextBootstrapper for test class [com.example.restaurant.wishList.repository.WishListRepositoryTest] from class [org.springframework.boot.test.context.SpringBootTestContextBootstrapper]
23:36:06.379 [Test worker] INFO org.springframework.boot.test.context.SpringBootTestContextBootstrapper - Neither @ContextConfiguration nor @ContextHierarchy found for test class [com.example.restaurant.wishList.repository.WishListRepositoryTest], using SpringBootContextLoader
23:36:06.383 [Test worker] DEBUG org.springframework.test.context.support.AbstractContextLoader - Did not detect default resource location for test class [com.example.restaurant.wishList.repository.WishListRepositoryTest]: class path resource [com/example/restaurant/wishList/repository/WishListRepositoryTest-context.xml] does not exist
23:36:06.383 [Test worker] DEBUG org.springframework.test.context.support.AbstractContextLoader - Did not detect default resource location for test class [com.example.restaurant.wishList.repository.WishListRepositoryTest]: class path resource [com/example/restaurant/wishList/repository/WishListRepositoryTestContext.groovy] does not exist
23:36:06.383 [Test worker] INFO org.springframework.test.context.support.AbstractContextLoader - Could not detect default resource locations for test class [com.example.restaurant.wishList.repository.WishListRepositoryTest]: no resource found for suffixes {-context.xml, Context.groovy}.
23:36:06.384 [Test worker] INFO org.springframework.test.context.support.AnnotationConfigContextLoaderUtils - Could not detect default configuration classes for test class [com.example.restaurant.wishList.repository.WishListRepositoryTest]: WishListRepositoryTest does not declare any static, non-private, non-final, nested classes annotated with @Configuration.
23:36:06.427 [Test worker] DEBUG org.springframework.test.context.support.ActiveProfilesUtils - Could not find an 'annotation declaring class' for annotation type [org.springframework.test.context.ActiveProfiles] and class [com.example.restaurant.wishList.repository.WishListRepositoryTest]
23:36:06.482 [Test worker] DEBUG org.springframework.context.annotation.ClassPathScanningCandidateComponentProvider - Identified candidate component class: file [C:\restaurant\build\classes\java\main\com\example\restaurant\RestaurantApplication.class]
23:36:06.483 [Test worker] INFO org.springframework.boot.test.context.SpringBootTestContextBootstrapper - Found @SpringBootConfiguration com.example.restaurant.RestaurantApplication for test class com.example.restaurant.wishList.repository.WishListRepositoryTest
23:36:06.588 [Test worker] DEBUG org.springframework.boot.test.context.SpringBootTestContextBootstrapper - @TestExecutionListeners is not present for class [com.example.restaurant.wishList.repository.WishListRepositoryTest]: using defaults.
23:36:06.589 [Test worker] INFO org.springframework.boot.test.context.SpringBootTestContextBootstrapper - Loaded default TestExecutionListener class names from location [META-INF/spring.factories]: [org.springframework.boot.test.autoconfigure.restdocs.RestDocsTestExecutionListener, org.springframework.boot.test.autoconfigure.web.client.MockRestServiceServerResetTestExecutionListener, org.springframework.boot.test.autoconfigure.web.servlet.MockMvcPrintOnlyOnFailureTestExecutionListener, org.springframework.boot.test.autoconfigure.web.servlet.WebDriverTestExecutionListener, org.springframework.boot.test.autoconfigure.webservices.client.MockWebServiceServerTestExecutionListener, org.springframework.boot.test.mock.mockito.MockitoTestExecutionListener, org.springframework.boot.test.mock.mockito.ResetMocksTestExecutionListener, org.springframework.test.context.web.ServletTestExecutionListener, org.springframework.test.context.support.DirtiesContextBeforeModesTestExecutionListener, org.springframework.test.context.event.ApplicationEventsTestExecutionListener, org.springframework.test.context.support.DependencyInjectionTestExecutionListener, org.springframework.test.context.support.DirtiesContextTestExecutionListener, org.springframework.test.context.transaction.TransactionalTestExecutionListener, org.springframework.test.context.jdbc.SqlScriptsTestExecutionListener, org.springframework.test.context.event.EventPublishingTestExecutionListener]
23:36:06.602 [Test worker] DEBUG org.springframework.boot.test.context.SpringBootTestContextBootstrapper - Skipping candidate TestExecutionListener [org.springframework.test.context.transaction.TransactionalTestExecutionListener] due to a missing dependency. Specify custom listener classes or make the default listener classes and their required dependencies available. Offending class: [org/springframework/transaction/interceptor/TransactionAttributeSource]
23:36:06.603 [Test worker] DEBUG org.springframework.boot.test.context.SpringBootTestContextBootstrapper - Skipping candidate TestExecutionListener [org.springframework.test.context.jdbc.SqlScriptsTestExecutionListener] due to a missing dependency. Specify custom listener classes or make the default listener classes and their required dependencies available. Offending class: [org/springframework/transaction/interceptor/TransactionAttribute]
23:36:06.603 [Test worker] INFO org.springframework.boot.test.context.SpringBootTestContextBootstrapper - Using TestExecutionListeners: [org.springframework.test.context.web.ServletTestExecutionListener@506e5299, org.springframework.test.context.support.DirtiesContextBeforeModesTestExecutionListener@d29e4bd, org.springframework.test.context.event.ApplicationEventsTestExecutionListener@75b4b768, org.springframework.boot.test.mock.mockito.MockitoTestExecutionListener@473edc13, org.springframework.boot.test.autoconfigure.SpringBootDependencyInjectionTestExecutionListener@65e6b4f7, org.springframework.test.context.support.DirtiesContextTestExecutionListener@27a8b8fa, org.springframework.test.context.event.EventPublishingTestExecutionListener@77774490, org.springframework.boot.test.autoconfigure.restdocs.RestDocsTestExecutionListener@4618c029, org.springframework.boot.test.autoconfigure.web.client.MockRestServiceServerResetTestExecutionListener@16098511, org.springframework.boot.test.autoconfigure.web.servlet.MockMvcPrintOnlyOnFailureTestExecutionListener@74048042, org.springframework.boot.test.autoconfigure.web.servlet.WebDriverTestExecutionListener@391a1996, org.springframework.boot.test.autoconfigure.webservices.client.MockWebServiceServerTestExecutionListener@39838f14, org.springframework.boot.test.mock.mockito.ResetMocksTestExecutionListener@63f8b438]
23:36:06.609 [Test worker] DEBUG org.springframework.test.context.support.AbstractDirtiesContextTestExecutionListener - Before test class: context [DefaultTestContext@25b2b012 testClass = WishListRepositoryTest, testInstance = [null], testMethod = [null], testException = [null], mergedContextConfiguration = [WebMergedContextConfiguration@180d28bc testClass = WishListRepositoryTest, locations = '{}', classes = '{class com.example.restaurant.RestaurantApplication}', contextInitializerClasses = '[]', activeProfiles = '{}', propertySourceLocations = '{}', propertySourceProperties = '{org.springframework.boot.test.context.SpringBootTestContextBootstrapper=true}', contextCustomizers = set[org.springframework.boot.test.autoconfigure.actuate.metrics.MetricsExportContextCustomizerFactory$DisableMetricExportContextCustomizer@1790869b, org.springframework.boot.test.autoconfigure.properties.PropertyMappingContextCustomizer@0, org.springframework.boot.test.autoconfigure.web.servlet.WebDriverContextCustomizerFactory$Customizer@18a3981, org.springframework.boot.test.context.filter.ExcludeFilterContextCustomizer@24568803, org.springframework.boot.test.json.DuplicateJsonObjectContextCustomizerFactory$DuplicateJsonObjectContextCustomizer@c05cc4d, org.springframework.boot.test.mock.mockito.MockitoContextCustomizer@0, org.springframework.boot.test.web.client.TestRestTemplateContextCustomizer@1d0b4a2c, org.springframework.boot.test.context.SpringBootTestArgs@1, org.springframework.boot.test.context.SpringBootTestWebEnvironment@5e46501], resourceBasePath = 'src/main/webapp', contextLoader = 'org.springframework.boot.test.context.SpringBootContextLoader', parent = [null]], attributes = map['org.springframework.test.context.web.ServletTestExecutionListener.activateListener' -> true]], class annotated with @DirtiesContext [false] with mode [null].
23:36:06.641 [Test worker] DEBUG org.springframework.test.context.support.TestPropertySourceUtils - Adding inlined properties to environment: {spring.jmx.enabled=false, org.springframework.boot.test.context.SpringBootTestContextBootstrapper=true}

  .   ____          _            __ _ _
 /\\ / ___'_ __ _ _(_)_ __  __ _ \ \ \ \
( ( )\___ | '_ | '_| | '_ \/ _` | \ \ \ \
 \\/  ___)| |_)| | | | | || (_| |  ) ) ) )
  '  |____| .__|_| |_|_| |_\__, | / / / /
 =========|_|==============|___/=/_/_/_/
 :: Spring Boot ::                (v2.5.2)

2021-06-26 23:36:06.905  INFO 13248 --- [    Test worker] c.e.r.w.r.WishListRepositoryTest         : Starting WishListRepositoryTest using Java 11.0.10 on LAPTOP-17QC8LHQ with PID 13248 (started by bsh64 in C:\restaurant)
2021-06-26 23:36:06.909  INFO 13248 --- [    Test worker] c.e.r.w.r.WishListRepositoryTest         : No active profile set, falling back to default profiles: default
2021-06-26 23:36:08.518  INFO 13248 --- [    Test worker] c.e.r.w.r.WishListRepositoryTest         : Started WishListRepositoryTest in 1.87 seconds (JVM running for 3.034)
]]></system-out>
  <system-err><![CDATA[]]></system-err>
</testsuite>
